[    0.000000] Linux version 4.15.0-124-generic (buildd@lgw01-amd64-029) (gcc version 7.5.0 (Ubuntu 7.5.0-3ubuntu1~18.04)) #127-Ubuntu SMP Fri Nov 6 10:54:43 UTC 2020 (Ubuntu 4.15.0-124.127-generic 4.15.18)
[    0.000000] Command line: BOOT_IMAGE=/boot/vmlinuz-4.15.0-124-generic root=LABEL=cloudimg-rootfs ro console=tty1 console=ttyS0
[    0.000000] KERNEL supported cpus:
[    0.000000]   Intel GenuineIntel
[    0.000000]   AMD AuthenticAMD
[    0.000000]   Centaur CentaurHauls
[    0.000000] x86/fpu: Supporting XSAVE feature 0x001: 'x87 floating point registers'
[    0.000000] x86/fpu: Supporting XSAVE feature 0x002: 'SSE registers'
[    0.000000] x86/fpu: Supporting XSAVE feature 0x004: 'AVX registers'
[    0.000000] x86/fpu: xstate_offset[2]:  576, xstate_sizes[2]:  256
[    0.000000] x86/fpu: Enabled xstate features 0x7, context size is 832 bytes, using 'standard' format.
[    0.000000] e820: BIOS-provided physical RAM map:
[    0.000000] BIOS-e820: [mem 0x0000000000000000-0x000000000009fbff] usable
[    0.000000] BIOS-e820: [mem 0x000000000009fc00-0x000000000009ffff] reserved
[    0.000000] BIOS-e820: [mem 0x00000000000f0000-0x00000000000fffff] reserved
[    0.000000] BIOS-e820: [mem 0x0000000000100000-0x000000003ffeffff] usable
[    0.000000] BIOS-e820: [mem 0x000000003fff0000-0x000000003fffffff] ACPI data
[    0.000000] BIOS-e820: [mem 0x00000000fec00000-0x00000000fec00fff] reserved
[    0.000000] BIOS-e820: [mem 0x00000000fee00000-0x00000000fee00fff] reserved
[    0.000000] BIOS-e820: [mem 0x00000000fffc0000-0x00000000ffffffff] reserved
[    0.000000] NX (Execute Disable) protection: active
[    0.000000] SMBIOS 2.5 present.
[    0.000000] DMI: innotek GmbH VirtualBox/VirtualBox, BIOS VirtualBox 12/01/2006
[    0.000000] Hypervisor detected: KVM
[    0.000000] e820: last_pfn = 0x3fff0 max_arch_pfn = 0x400000000
[    0.000000] MTRR: Disabled
[    0.000000] x86/PAT: MTRRs disabled, skipping PAT initialization too.
[    0.000000] CPU MTRRs all blank - virtualized system.
[    0.000000] x86/PAT: Configuration [0-7]: WB  WT  UC- UC  WB  WT  UC- UC  
[    0.000000] found SMP MP-table at [mem 0x0009fff0-0x0009ffff]
[    0.000000] Scanning 1 areas for low memory corruption
[    0.000000] RAMDISK: [mem 0x35a67000-0x36d2afff]
[    0.000000] ACPI: Early table checksum verification disabled
[    0.000000] ACPI: RSDP 0x00000000000E0000 000024 (v02 VBOX  )
[    0.000000] ACPI: XSDT 0x000000003FFF0030 00003C (v01 VBOX   VBOXXSDT 00000001 ASL  00000061)
[    0.000000] ACPI: FACP 0x000000003FFF00F0 0000F4 (v04 VBOX   VBOXFACP 00000001 ASL  00000061)
[    0.000000] ACPI: DSDT 0x000000003FFF0470 002325 (v02 VBOX   VBOXBIOS 00000002 INTL 20190509)
[    0.000000] ACPI: FACS 0x000000003FFF0200 000040
[    0.000000] ACPI: FACS 0x000000003FFF0200 000040
[    0.000000] ACPI: APIC 0x000000003FFF0240 000054 (v02 VBOX   VBOXAPIC 00000001 ASL  00000061)
[    0.000000] ACPI: SSDT 0x000000003FFF02A0 0001CC (v01 VBOX   VBOXCPUT 00000002 INTL 20190509)
[    0.000000] No NUMA configuration found
[    0.000000] Faking a node at [mem 0x0000000000000000-0x000000003ffeffff]
[    0.000000] NODE_DATA(0) allocated [mem 0x3ffc5000-0x3ffeffff]
[    0.000000] kvm-clock: cpu 0, msr 0:3ff44001, primary cpu clock
[    0.000000] kvm-clock: Using msrs 4b564d01 and 4b564d00
[    0.000000] kvm-clock: using sched offset of 3282710082 cycles
[    0.000000] clocksource: kvm-clock: mask: 0xffffffffffffffff max_cycles: 0x1cd42e4dffb, max_idle_ns: 881590591483 ns
[    0.000000] Zone ranges:
[    0.000000]   DMA      [mem 0x0000000000001000-0x0000000000ffffff]
[    0.000000]   DMA32    [mem 0x0000000001000000-0x000000003ffeffff]
[    0.000000]   Normal   empty
[    0.000000]   Device   empty
[    0.000000] Movable zone start for each node
[    0.000000] Early memory node ranges
[    0.000000]   node   0: [mem 0x0000000000001000-0x000000000009efff]
[    0.000000]   node   0: [mem 0x0000000000100000-0x000000003ffeffff]
[    0.000000] Reserved but unavailable: 98 pages
[    0.000000] Initmem setup node 0 [mem 0x0000000000001000-0x000000003ffeffff]
[    0.000000] ACPI: PM-Timer IO Port: 0x4008
[    0.000000] IOAPIC[0]: apic_id 1, version 32, address 0xfec00000, GSI 0-23
[    0.000000] ACPI: INT_SRC_OVR (bus 0 bus_irq 0 global_irq 2 dfl dfl)
[    0.000000] ACPI: INT_SRC_OVR (bus 0 bus_irq 9 global_irq 9 low level)
[    0.000000] Using ACPI (MADT) for SMP configuration information
[    0.000000] smpboot: Allowing 1 CPUs, 0 hotplug CPUs
[    0.000000] PM: Registered nosave memory: [mem 0x00000000-0x00000fff]
[    0.000000] PM: Registered nosave memory: [mem 0x0009f000-0x0009ffff]
[    0.000000] PM: Registered nosave memory: [mem 0x000a0000-0x000effff]
[    0.000000] PM: Registered nosave memory: [mem 0x000f0000-0x000fffff]
[    0.000000] e820: [mem 0x40000000-0xfebfffff] available for PCI devices
[    0.000000] Booting paravirtualized kernel on KVM
[    0.000000] clocksource: refined-jiffies: mask: 0xffffffff max_cycles: 0xffffffff, max_idle_ns: 7645519600211568 ns
[    0.000000] random: get_random_bytes called from start_kernel+0x99/0x500 with crng_init=0
[    0.000000] setup_percpu: NR_CPUS:8192 nr_cpumask_bits:1 nr_cpu_ids:1 nr_node_ids:1
[    0.000000] percpu: Embedded 45 pages/cpu s147456 r8192 d28672 u2097152
[    0.000000] PV qspinlock hash table entries: 256 (order: 0, 4096 bytes)
[    0.000000] Built 1 zonelists, mobility grouping on.  Total pages: 257913
[    0.000000] Policy zone: DMA32
[    0.000000] Kernel command line: BOOT_IMAGE=/boot/vmlinuz-4.15.0-124-generic root=LABEL=cloudimg-rootfs ro console=tty1 console=ttyS0
[    0.000000] Memory: 983212K/1048120K available (12300K kernel code, 2482K rwdata, 4272K rodata, 2436K init, 2724K bss, 64908K reserved, 0K cma-reserved)
[    0.000000] SLUB: HWalign=64, Order=0-3, MinObjects=0, CPUs=1, Nodes=1
[    0.000000] Kernel/User page tables isolation: enabled
[    0.000000] ftrace: allocating 39402 entries in 154 pages
[    0.004000] Hierarchical RCU implementation.
[    0.004000] 	RCU restricting CPUs from NR_CPUS=8192 to nr_cpu_ids=1.
[    0.004000] 	Tasks RCU enabled.
[    0.004000] RCU: Adjusting geometry for rcu_fanout_leaf=16, nr_cpu_ids=1
[    0.004000] NR_IRQS: 524544, nr_irqs: 256, preallocated irqs: 16
[    0.004000] Console: colour VGA+ 80x25
[    0.004000] console [tty1] enabled
[    0.004000] console [ttyS0] enabled
[    0.004000] ACPI: Core revision 20170831
[    0.004000] ACPI: 2 ACPI AML tables successfully acquired and loaded
[    0.004000] APIC: Switch to symmetric I/O mode setup
[    0.004000] x2apic enabled
[    0.004000] Switched APIC routing to physical x2apic.
[    0.004000] ..TIMER: vector=0x30 apic1=0 pin1=2 apic2=-1 pin2=-1
[    0.004000] tsc: Detected 2903.998 MHz processor
[    0.004000] Calibrating delay loop (skipped) preset value.. 5807.99 BogoMIPS (lpj=11615992)
[    0.004003] pid_max: default: 32768 minimum: 301
[    0.004575] Security Framework initialized
[    0.005092] Yama: becoming mindful.
[    0.005536] AppArmor: AppArmor initialized
[    0.006678] Dentry cache hash table entries: 131072 (order: 8, 1048576 bytes)
[    0.008049] Inode-cache hash table entries: 65536 (order: 7, 524288 bytes)
[    0.008906] Mount-cache hash table entries: 2048 (order: 2, 16384 bytes)
[    0.009644] Mountpoint-cache hash table entries: 2048 (order: 2, 16384 bytes)
[    0.010641] process: using mwait in idle threads
[    0.011316] Last level iTLB entries: 4KB 64, 2MB 8, 4MB 8
[    0.012001] Last level dTLB entries: 4KB 64, 2MB 0, 4MB 0, 1GB 4
[    0.012722] Spectre V1 : Mitigation: usercopy/swapgs barriers and __user pointer sanitization
[    0.013709] Spectre V2 : Mitigation: Full generic retpoline
[    0.014329] Spectre V2 : Spectre v2 / SpectreRSB mitigation: Filling RSB on context switch
[    0.016001] Speculative Store Bypass: Vulnerable
[    0.016565] SRBDS: Unknown: Dependent on hypervisor status
[    0.017230] MDS: Mitigation: Clear CPU buffers
[    0.029596] Freeing SMP alternatives memory: 36K
[    0.139476] smpboot: CPU0: Intel(R) Core(TM) i7-7700T CPU @ 2.90GHz (family: 0x6, model: 0x9e, stepping: 0x9)
[    0.140000] Performance Events: unsupported p6 CPU model 158 no PMU driver, software events only.
[    0.140000] Hierarchical SRCU implementation.
[    0.140000] NMI watchdog: Perf event create on CPU 0 failed with -2
[    0.140000] NMI watchdog: Perf NMI watchdog permanently disabled
[    0.140027] smp: Bringing up secondary CPUs ...
[    0.140621] smp: Brought up 1 node, 1 CPU
[    0.141105] smpboot: Max logical packages: 1
[    0.141614] smpboot: Total of 1 processors activated (5807.99 BogoMIPS)
[    0.142432] devtmpfs: initialized
[    0.144041] x86/mm: Memory block size: 128MB
[    0.144640] evm: security.selinux
[    0.145062] evm: security.SMACK64
[    0.145485] evm: security.SMACK64EXEC
[    0.145928] evm: security.SMACK64TRANSMUTE
[    0.146420] evm: security.SMACK64MMAP
[    0.146868] evm: security.apparmor
[    0.147277] evm: security.ima
[    0.147657] evm: security.capability
[    0.148075] clocksource: jiffies: mask: 0xffffffff max_cycles: 0xffffffff, max_idle_ns: 7645041785100000 ns
[    0.149166] futex hash table entries: 256 (order: 2, 16384 bytes)
[    0.150780] pinctrl core: initialized pinctrl subsystem
[    0.152000] RTC time: 23:26:53, date: 01/06/21
[    0.152070] NET: Registered protocol family 16
[    0.152732] audit: initializing netlink subsys (disabled)
[    0.153475] cpuidle: using governor ladder
[    0.153974] cpuidle: using governor menu
[    0.156027] ACPI: bus type PCI registered
[    0.156535] acpiphp: ACPI Hot Plug PCI Controller Driver version: 0.5
[    0.157355] PCI: Using configuration type 1 for base access
[    0.158046] audit: type=2000 audit(1609975618.048:1): state=initialized audit_enabled=0 res=1
[    0.159737] HugeTLB registered 2.00 MiB page size, pre-allocated 0 pages
[    0.160568] ACPI: Added _OSI(Module Device)
[    0.161076] ACPI: Added _OSI(Processor Device)
[    0.161590] ACPI: Added _OSI(3.0 _SCP Extensions)
[    0.162142] ACPI: Added _OSI(Processor Aggregator Device)
[    0.162777] ACPI: Added _OSI(Linux-Dell-Video)
[    0.163326] ACPI: Added _OSI(Linux-Lenovo-NV-HDMI-Audio)
[    0.164007] ACPI: Added _OSI(Linux-HPI-Hybrid-Graphics)
[    0.164810] ACPI: Executed 1 blocks of module-level executable AML code
[    0.168576] ACPI: Interpreter enabled
[    0.169042] ACPI: (supports S0 S5)
[    0.169452] ACPI: Using IOAPIC for interrupt routing
[    0.170252] PCI: Using host bridge windows from ACPI; if necessary, use "pci=nocrs" and report a bug
[    0.171425] ACPI: Enabled 2 GPEs in block 00 to 07
[    0.176037] ACPI: PCI Root Bridge [PCI0] (domain 0000 [bus 00-ff])
[    0.176773] acpi PNP0A03:00: _OSC: OS supports [ASPM ClockPM Segments MSI]
[    0.177881] acpi PNP0A03:00: _OSC: not requesting OS control; OS requires [ExtendedConfig ASPM ClockPM MSI]
[    0.178990] acpi PNP0A03:00: fail to add MMCONFIG information, can't access extended PCI configuration space under this bridge.
[    0.180251] PCI host bridge to bus 0000:00
[    0.180746] pci_bus 0000:00: root bus resource [io  0x0000-0x0cf7 window]
[    0.181528] pci_bus 0000:00: root bus resource [io  0x0d00-0xffff window]
[    0.182272] pci_bus 0000:00: root bus resource [mem 0x000a0000-0x000bffff window]
[    0.183202] pci_bus 0000:00: root bus resource [mem 0x40000000-0xfdffffff window]
[    0.184002] pci_bus 0000:00: root bus resource [bus 00-ff]
[    0.185942] pci 0000:00:01.1: legacy IDE quirk: reg 0x10: [io  0x01f0-0x01f7]
[    0.186767] pci 0000:00:01.1: legacy IDE quirk: reg 0x14: [io  0x03f6]
[    0.188002] pci 0000:00:01.1: legacy IDE quirk: reg 0x18: [io  0x0170-0x0177]
[    0.189237] pci 0000:00:01.1: legacy IDE quirk: reg 0x1c: [io  0x0376]
[    0.198468] pci 0000:00:07.0: quirk: [io  0x4000-0x403f] claimed by PIIX4 ACPI
[    0.200000] pci 0000:00:07.0: quirk: [io  0x4100-0x410f] claimed by PIIX4 SMB
[    0.207490] ACPI: PCI Interrupt Link [LNKA] (IRQs 5 9 10 *11)
[    0.208229] ACPI: PCI Interrupt Link [LNKB] (IRQs 5 9 *10 11)
[    0.208966] ACPI: PCI Interrupt Link [LNKC] (IRQs 5 *9 10 11)
[    0.209742] ACPI: PCI Interrupt Link [LNKD] (IRQs 5 9 10 *11)
[    0.210698] SCSI subsystem initialized
[    0.211235] pci 0000:00:02.0: vgaarb: setting as boot VGA device
[    0.211908] pci 0000:00:02.0: vgaarb: VGA device added: decodes=io+mem,owns=io+mem,locks=none
[    0.212002] pci 0000:00:02.0: vgaarb: bridge control possible
[    0.212646] vgaarb: loaded
[    0.213011] ACPI: bus type USB registered
[    0.213512] usbcore: registered new interface driver usbfs
[    0.214157] usbcore: registered new interface driver hub
[    0.214784] usbcore: registered new device driver usb
[    0.216037] EDAC MC: Ver: 3.0.0
[    0.216635] PCI: Using ACPI for IRQ routing
[    0.217315] NetLabel: Initializing
[    0.217750] NetLabel:  domain hash size = 128
[    0.218267] NetLabel:  protocols = UNLABELED CIPSOv4 CALIPSO
[    0.218929] NetLabel:  unlabeled traffic allowed by default
[    0.219655] clocksource: Switched to clocksource kvm-clock
[    0.224550] VFS: Disk quotas dquot_6.6.0
[    0.225094] VFS: Dquot-cache hash table entries: 512 (order 0, 4096 bytes)
[    0.225926] AppArmor: AppArmor Filesystem Enabled
[    0.226500] pnp: PnP ACPI init
[    0.227590] pnp: PnP ACPI: found 3 devices
[    0.233285] clocksource: acpi_pm: mask: 0xffffff max_cycles: 0xffffff, max_idle_ns: 2085701024 ns
[    0.234337] NET: Registered protocol family 2
[    0.234966] TCP established hash table entries: 8192 (order: 4, 65536 bytes)
[    0.235769] TCP bind hash table entries: 8192 (order: 5, 131072 bytes)
[    0.236537] TCP: Hash tables configured (established 8192 bind 8192)
[    0.237266] UDP hash table entries: 512 (order: 2, 16384 bytes)
[    0.237951] UDP-Lite hash table entries: 512 (order: 2, 16384 bytes)
[    0.238730] NET: Registered protocol family 1
[    0.239282] pci 0000:00:00.0: Limiting direct PCI/PCI transfers
[    0.239969] pci 0000:00:01.0: Activating ISA DMA hang workarounds
[    0.240692] pci 0000:00:02.0: Video device with shadowed ROM at [mem 0x000c0000-0x000dffff]
[    0.241715] Unpacking initramfs...
[    0.457767] Freeing initrd memory: 19216K
[    0.459709] clocksource: tsc: mask: 0xffffffffffffffff max_cycles: 0x29dc03c1beb, max_idle_ns: 440795205215 ns
[    0.460874] platform rtc_cmos: registered platform RTC device (no PNP device found)
[    0.461758] Scanning for low memory corruption every 60 seconds
[    0.462802] Initialise system trusted keyrings
[    0.463392] Key type blacklist registered
[    0.463905] workingset: timestamp_bits=36 max_order=18 bucket_order=0
[    0.465827] zbud: loaded
[    0.467233] squashfs: version 4.0 (2009/01/31) Phillip Lougher
[    0.468636] fuse init (API version 7.26)
[    0.470388] Key type asymmetric registered
[    0.470916] Asymmetric key parser 'x509' registered
[    0.471500] Block layer SCSI generic (bsg) driver version 0.4 loaded (major 246)
[    0.472376] io scheduler noop registered
[    0.472859] io scheduler deadline registered
[    0.473372] io scheduler cfq registered (default)
[    0.474092] ACPI: AC Adapter [AC] (on-line)
[    0.474656] input: Power Button as /devices/LNXSYSTM:00/LNXPWRBN:00/input/input0
[    0.475530] ACPI: Power Button [PWRF]
[    0.476020] input: Sleep Button as /devices/LNXSYSTM:00/LNXSLPBN:00/input/input1
[    0.476889] ACPI: Sleep Button [SLPF]
[    0.477484] Serial: 8250/16550 driver, 32 ports, IRQ sharing enabled
[    0.498885] 00:02: ttyS0 at I/O 0x3f8 (irq = 4, base_baud = 115200) is a 16550A
[    0.500702] Linux agpgart interface v0.103
[    0.502125] loop: module loaded
[    0.502871] scsi host0: ata_piix
[    0.503363] scsi host1: ata_piix
[    0.503786] ata1: PATA max UDMA/33 cmd 0x1f0 ctl 0x3f6 bmdma 0xd000 irq 14
[    0.504580] ata2: PATA max UDMA/33 cmd 0x170 ctl 0x376 bmdma 0xd008 irq 15
[    0.505558] libphy: Fixed MDIO Bus: probed
[    0.506087] tun: Universal TUN/TAP device driver, 1.6
[    0.506701] PPP generic driver version 2.4.2
[    0.507240] ehci_hcd: USB 2.0 'Enhanced' Host Controller (EHCI) Driver
[    0.507978] ehci-pci: EHCI PCI platform driver
[    0.508678] ehci-platform: EHCI generic platform driver
[    0.509275] ohci_hcd: USB 1.1 'Open' Host Controller (OHCI) Driver
[    0.510028] ohci-pci: OHCI PCI platform driver
[    0.510547] ohci-platform: OHCI generic platform driver
[    0.511142] uhci_hcd: USB Universal Host Controller Interface driver
[    0.511890] i8042: PNP: PS/2 Controller [PNP0303:PS2K,PNP0f03:PS2M] at 0x60,0x64 irq 1,12
[    0.513203] serio: i8042 KBD port at 0x60,0x64 irq 1
[    0.513819] serio: i8042 AUX port at 0x60,0x64 irq 12
[    0.515462] mousedev: PS/2 mouse device common for all mice
[    0.516838] input: AT Translated Set 2 keyboard as /devices/platform/i8042/serio0/input/input2
[    0.518757] rtc_cmos rtc_cmos: rtc core: registered rtc_cmos as rtc0
[    0.519523] rtc_cmos rtc_cmos: alarms up to one day, 114 bytes nvram
[    0.520315] i2c /dev entries driver
[    0.520785] device-mapper: uevent: version 1.0.3
[    0.521385] device-mapper: ioctl: 4.37.0-ioctl (2017-09-20) initialised: dm-devel@redhat.com
[    0.522385] ledtrig-cpu: registered to indicate activity on CPUs
[    0.523128] intel_pmc_core:  initialized
[    0.523732] NET: Registered protocol family 10
[    0.526466] Segment Routing with IPv6
[    0.526990] NET: Registered protocol family 17
[    0.527542] Key type dns_resolver registered
[    0.528097] mce: Using 0 MCE banks
[    0.528605] RAS: Correctable Errors collector initialized.
[    0.529260] sched_clock: Marking stable (528594221, 0)->(640177835, -111583614)
[    0.530201] registered taskstats version 1
[    0.530700] Loading compiled-in X.509 certificates
[    0.532705] Loaded X.509 cert 'Build time autogenerated kernel key: be62403dcace2d46f96dafa9f42421c610ef3c2a'
[    0.533886] zswap: loaded using pool lzo/zbud
[    0.536471] Key type big_key registered
[    0.537004] Key type trusted registered
[    0.538439] Key type encrypted registered
[    0.538983] AppArmor: AppArmor sha1 policy hashing enabled
[    0.539639] ima: No TPM chip found, activating TPM-bypass! (rc=-19)
[    0.540410] ima: Allocated hash algorithm: sha1
[    0.540943] evm: HMAC attrs: 0x1
[    0.541528]   Magic number: 5:235:453
[    0.542038] rtc_cmos rtc_cmos: setting system clock to 2021-01-06 23:26:53 UTC (1609975613)
[    0.543008] BIOS EDD facility v0.16 2004-Jun-25, 0 devices found
[    0.543688] EDD information not available.
[    0.697317] Freeing unused kernel image memory: 2436K
[    0.704076] Write protecting the kernel read-only data: 20480k
[    0.706360] Freeing unused kernel image memory: 2008K
[    0.708208] Freeing unused kernel image memory: 1872K
[    0.718132] x86/mm: Checked W+X mappings: passed, no W+X pages found.
[    0.719442] x86/mm: Checking user space page tables
[    0.726621] x86/mm: Checked W+X mappings: passed, no W+X pages found.
Loading, please wait...
starting version 237
[    0.796717] e1000: Intel(R) PRO/1000 Network Driver - version 7.3.21-k8-NAPI
[    0.797689] e1000: Copyright (c) 1999-2006 Intel Corporation.
[    0.801595] Fusion MPT base driver 3.04.20
[    0.802207] Copyright (c) 1999-2008 LSI Corporation
[    0.810396] Fusion MPT SPI Host driver 3.04.20
[    0.827174] AVX2 version of gcm_enc/dec engaged.
[    0.827850] AES CTR mode by8 optimization enabled
[    1.016369] input: ImExPS/2 Generic Explorer Mouse as /devices/platform/i8042/serio1/input/input4
[    1.170934] e1000 0000:00:03.0 eth0: (PCI:33MHz:32-bit) 02:60:71:1d:34:36
[    1.171876] e1000 0000:00:03.0 eth0: Intel(R) PRO/1000 Network Connection
[    1.173404] mptbase: ioc0: Initiating bringup
[    1.268704] ioc0: LSI53C1030 A0: Capabilities={Initiator}
[    1.510973] scsi host2: ioc0: LSI53C1030 A0, FwRev=00000000h, Ports=1, MaxQ=256, IRQ=20
[    1.681132] scsi 2:0:0:0: Direct-Access     VBOX     HARDDISK         1.0  PQ: 0 ANSI: 5
[    1.688220] scsi target2:0:0: Beginning Domain Validation
[    1.695009] scsi target2:0:0: Domain Validation skipping write tests
[    1.698682] scsi target2:0:0: Ending Domain Validation
[    1.702831] scsi target2:0:0: asynchronous
[    1.705455] random: fast init done
[    1.708906] scsi 2:0:1:0: Direct-Access     VBOX     HARDDISK         1.0  PQ: 0 ANSI: 5
[    1.712407] scsi target2:0:1: Beginning Domain Validation
[    1.716130] scsi target2:0:1: Domain Validation skipping write tests
[    1.718003] scsi target2:0:1: Ending Domain Validation
[    1.719599] scsi target2:0:1: asynchronous
[    1.724984] random: systemd-udevd: uninitialized urandom read (16 bytes read)
[    1.726494] random: systemd-udevd: uninitialized urandom read (16 bytes read)
[    1.727912] random: systemd-udevd: uninitialized urandom read (16 bytes read)
[    1.729562] sd 2:0:0:0: Attached scsi generic sg0 type 0
[    1.730694] sd 2:0:0:0: [sda] 20971520 512-byte logical blocks: (10.7 GB/10.0 GiB)
[    1.732108] sd 2:0:0:0: [sda] Write Protect is off
[    1.733152] sd 2:0:1:0: Attached scsi generic sg1 type 0
[    1.738085] sd 2:0:1:0: [sdb] 20480 512-byte logical blocks: (10.5 MB/10.0 MiB)
[    1.739237] sd 2:0:0:0: [sda] Incomplete mode parameter data
[    1.740121] sd 2:0:0:0: [sda] Assuming drive cache: write through
[    1.740965] sd 2:0:1:0: [sdb] Write Protect is off
[    1.741877] sd 2:0:1:0: [sdb] Incomplete mode parameter data
[    1.742667] sd 2:0:1:0: [sdb] Assuming drive cache: write through
[    1.756165]  sda: sda1
[    1.757714] sd 2:0:0:0: [sda] Attached SCSI disk
[    1.758474] sd 2:0:1:0: [sdb] Attached SCSI disk
[    2.067394] e1000 0000:00:08.0 eth1: (PCI:33MHz:32-bit) 08:00:27:ef:66:de
[    2.068361] e1000 0000:00:08.0 eth1: Intel(R) PRO/1000 Network Connection
[    2.070137] e1000 0000:00:08.0 enp0s8: renamed from eth1
[    2.072214] e1000 0000:00:03.0 enp0s3: renamed from eth0
Begin: Loading essential drivers ... [    3.410876] raid6: sse2x1   gen() 14200 MB/s
[    3.473609] raid6: sse2x1   xor() 10035 MB/s
[    3.537484] raid6: sse2x2   gen() 17439 MB/s
[    3.610179] raid6: sse2x2   xor() 13128 MB/s
[    3.674402] raid6: sse2x4   gen() 19921 MB/s
[    3.738280] raid6: sse2x4   xor() 12244 MB/s
[    3.802283] raid6: avx2x1   gen() 28223 MB/s
[    3.866501] raid6: avx2x1   xor() 19511 MB/s
[    3.930297] raid6: avx2x2   gen() 33394 MB/s
[    3.994193] raid6: avx2x2   xor() 21464 MB/s
[    4.057950] raid6: avx2x4   gen() 39537 MB/s
[    4.121497] raid6: avx2x4   xor() 24642 MB/s
[    4.122070] raid6: using algorithm avx2x4 gen() 39537 MB/s
[    4.122714] raid6: .... xor() 24642 MB/s, rmw enabled
[    4.123287] raid6: using avx2x2 recovery algorithm
[    4.125291] xor: automatically using best checksumming function   avx       
[    4.127209] async_tx: api initialized (async)
done.
Begin: Running /scripts/init-premount ... done.
Begin: Mounting root file system ... Begin: Running /scripts/local-top ... done.
Begin: Running /scripts/local-premount ... [    4.168002] Btrfs loaded, crc32c=crc32c-intel
Scanning for Btrfs filesystems
done.
Warning: fsck not present, so skipping root file system
[    4.218055] EXT4-fs (sda1): mounted filesystem with ordered data mode. Opts: (null)
done.
Begin: Running /scripts/local-bottom ... done.
Begin: Running /scripts/init-bottom ... done.
[    4.362498] ip_tables: (C) 2000-2006 Netfilter Core Team
[    4.368724] systemd[1]: systemd 237 running in system mode. (+PAM +AUDIT +SELINUX +IMA +APPARMOR +SMACK +SYSVINIT +UTMP +LIBCRYPTSETUP +GCRYPT +GNUTLS +ACL +XZ +LZ4 +SECCOMP +BLKID +ELFUTILS +KMOD -IDN2 +IDN -PCRE2 default-hierarchy=hybrid)
[    4.371157] systemd[1]: Detected virtualization oracle.
[    4.371810] systemd[1]: Detected architecture x86-64.

Welcome to [1mUbuntu 18.04.5 LTS[0m!

[    4.384583] systemd[1]: Set hostname to <ubuntu>.
[    4.387954] systemd[1]: Initializing machine ID from random generator.
[    4.389723] systemd[1]: Installed transient /etc/machine-id file.
[    4.612931] systemd[1]: Started Forward Password Requests to Wall Directory Watch.
[[0;32m  OK  [0m] Started Forward Password Requests to Wall Directory Watch.
[    4.624753] systemd[1]: Created slice User and Session Slice.
[[0;32m  OK  [0m] Created slice User and Session Slice.
[    4.625925] systemd[1]: Reached target User and Group Name Lookups.
[[0;32m  OK  [0m] Reached target User and Group Name Lookups.
[    4.636663] systemd[1]: Created slice System Slice.
[[0;32m  OK  [0m] Created slice System Slice.
[[0;32m  OK  [0m] Reached target Slices.
[[0;32m  OK  [0m] Listening on Journal Socket (/dev/log).
[[0;32m  OK  [0m] Listening on Network Service Netlink Socket.
[[0;32m  OK  [0m] Listening on LVM2 poll daemon socket.
[[0;32m  OK  [0m] Listening on udev Kernel Socket.
[[0;32m  OK  [0m] Listening on Journal Socket.
         Mounting POSIX Message Queue File System...
         Starting Uncomplicated firewall...
         Starting Set the console keyboard layout...
[[0;32m  OK  [0m] Listening on Syslog Socket.
[[0;32m  OK  [0m] Listening on udev Control Socket.
         Starting udev Coldplug all Devices...
         Starting Load Kernel Modules...
         Starting Create list of required st…ce nodes for the current kernel...
         Mounting Huge Pages File System...
[[0;32m  OK  [0m] Listening on LVM2 metadata daemon socket.
         Mounting Kernel Debug File System...
         Starting Remount Root and Kernel File Systems...
[[0;32m  OK  [0m] Reached target System Time Synchronized.
[[0;32m  OK  [0m] Set up automount Arbitrary Executab…rmats File System Automount Point.
[    4.695037] Loading iSCSI transport class v2.0-870.
[    4.699168] iscsi: registered transport (tcp)
[[0;32m  OK  [0m] Listening on Journal Audit Socket.
         Starting Journal Service...
[[0;32m  OK  [0m] Listening on Device-mapper event daemon FIFOs.
         Starting Monitoring of LVM2 mirrors…ng dmeventd or progress polling...
[[0;32m  OK  [0m] Reached target Swap.
[[0;32m  OK  [0m] Listening on /dev/initctl Compatibility Named Pipe.
[[0;32m  OK  [0m] Created slice system-serial\x2dgetty.slice.
[[0;32m  OK  [0m] Mounted POSIX Message Queue File System.
[    4.733115] EXT4-fs (sda1): re-mounted. Opts: (null)
[[0;32m  OK  [0m] Started Uncomplicated firewall.
[[0;32m  OK  [0m] Started Create list of required sta…vice nodes for the current kernel.
[[0;32m  OK  [0m] Mounted Huge Pages File System.
[[0;32m  OK  [0m] Mounted Kernel Debug File System.
[[0;32m  OK  [0m] Started Remount Root and Kernel File Systems.
         Starting Load/Save Random Seed...
         Starting Create Static Device Nodes in /dev...
[[0;32m  OK  [0m] Started udev Coldplug all Devices.
[[0;32m  OK  [0m] Started LVM2 metadata daemon.
[[0;32m  OK  [0m] Started Load/Save Random Seed.
[[0;32m  OK  [0m] Started Journal Service.
         Starting Flush Journal to Persistent Storage...
[    4.810351] iscsi: registered transport (iser)
[[0;32m  OK  [0m] Started Load Kernel Modules.
         Starting Apply Kernel Variables...
         Mounting Kernel Configuration File System...
         Mounting FUSE Control File System...
[[0;32m  OK  [0m] Mounted FUSE Control File System.
[[0;32m  OK  [0m] Mounted Kernel Configuration File System.
[    4.852845] systemd-journald[412]: Received request to flush runtime journal from PID 1
[[0;32m  OK  [0m] Started Create Static Device Nodes in /dev.
         Starting udev Kernel Device Manager...
[[0;32m  OK  [0m] Started Monitoring of LVM2 mirrors,…sing dmeventd or progress polling.
[[0;32m  OK  [0m] Started Apply Kernel Variables.
[[0;32m  OK  [0m] Started udev Kernel Device Manager.
[[0;32m  OK  [0m] Started Flush Journal to Persistent Storage.
[[0;32m  OK  [0m] Found device /dev/ttyS0.
[[0;32m  OK  [0m] Listening on Load/Save RF Kill Switch Status /dev/rfkill Watch.
[[0;32m  OK  [0m] Started Set the console keyboard layout.
[[0;32m  OK  [0m] Reached target Local File Systems (Pre).
[[0;32m  OK  [0m] Reached target Local File Systems.
         Starting ebtables ruleset management...
         Starting AppArmor initialization...
         Starting Set console font and keymap...
         Starting Commit a transient machine-id on disk...
         Starting Tell Plymouth To Write Out Runtime Data...
         Starting Create Volatile Files and Directories...
[[0;32m  OK  [0m] Started Dispatch Password Requests to Console Directory Watch.
[[0;32m  OK  [0m] Reached target Local Encrypted Volumes.
[[0;32m  OK  [0m] Started Set console font and keymap.
[[0;32m  OK  [0m] Started Tell Plymouth To Write Out Runtime Data.
[[0;32m  OK  [0m] Started Commit a transient machine-id on disk.
[[0;32m  OK  [0m] Started Create Volatile Files and Directories.
         Starting Update UTMP about System Boot/Shutdown...
[[0;32m  OK  [0m] Started Update UTMP about System Boot/Shutdown.
[[0;32m  OK  [0m] Started ebtables ruleset management.
[[0;32m  OK  [0m] Started AppArmor initialization.
         Starting Load AppArmor profiles managed internally by snapd...
         Starting Initial cloud-init job (pre-networking)...
[[0;32m  OK  [0m] Started Load AppArmor profiles managed internally by snapd.
[    7.622889] cloud-init[667]: Cloud-init v. 20.3-2-g371b392c-0ubuntu1~18.04.1 running 'init-local' at Wed, 06 Jan 2021 23:27:00 +0000. Up 7.35 seconds.
[[0;32m  OK  [0m] Started Initial cloud-init job (pre-networking).
[[0;32m  OK  [0m] Reached target Network (Pre).
         Starting Network Service...
[[0;32m  OK  [0m] Started Network Service.
         Starting Wait for Network to be Configured...
         Starting Network Name Resolution...
[[0;32m  OK  [0m] Started Network Name Resolution.
[[0;32m  OK  [0m] Reached target Network.
[[0;32m  OK  [0m] Reached target Host and Network Name Lookups.
[[0;32m  OK  [0m] Started Wait for Network to be Configured.
         Starting Initial cloud-init job (metadata service crawler)...
[    9.717935] cloud-init[763]: Cloud-init v. 20.3-2-g371b392c-0ubuntu1~18.04.1 running 'init' at Wed, 06 Jan 2021 23:27:02 +0000. Up 9.60 seconds.
[    9.719183] cloud-init[763]: ci-info: ++++++++++++++++++++++++++++++++++++++Net device info+++++++++++++++++++++++++++++++++++++++
[    9.719952] cloud-init[763]: ci-info: +--------+-------+----------------------------+---------------+--------+-------------------+
[    9.720889] cloud-init[763]: ci-info: | Device |   Up  |          Address           |      Mask     | Scope  |     Hw-Address    |
[    9.721776] cloud-init[763]: ci-info: +--------+-------+----------------------------+---------------+--------+-------------------+
[    9.722851] cloud-init[763]: ci-info: | enp0s3 |  True |         10.0.2.15          | 255.255.255.0 | global | 02:60:71:1d:34:36 |
[    9.724949] cloud-init[763]: ci-info: | enp0s3 |  True | fe80::60:71ff:fe1d:3436/64 |       .       |  link  | 02:60:71:1d:34:36 |
[    9.725895] cloud-init[763]: ci-info: | enp0s8 | False |             .              |       .       |   .    | 08:00:27:ef:66:de |
[    9.727814] cloud-init[763]: ci-info: |   lo   |  True |         127.0.0.1          |   255.0.0.0   |  host  |         .         |
[    9.728883] cloud-init[763]: ci-info: |   lo   |  True |          ::1/128           |       .       |  host  |         .         |
[    9.731032] cloud-init[763]: ci-info: +--------+-------+----------------------------+---------------+--------+-------------------+
[    9.733553] cloud-init[763]: ci-info: ++++++++++++++++++++++++++++Route IPv4 info+++++++++++++++++++++++++++++
[    9.735495] cloud-init[763]: ci-info: +-------+-------------+----------+-----------------+-----------+-------+
[    9.737234] cloud-init[763]: ci-info: | Route | Destination | Gateway  |     Genmask     | Interface | Flags |
[    9.738877] cloud-init[763]: ci-info: +-------+-------------+----------+-----------------+-----------+-------+
[    9.740055] cloud-init[763]: ci-info: |   0   |   0.0.0.0   | 10.0.2.2 |     0.0.0.0     |   enp0s3  |   UG  |
[    9.740734] cloud-init[763]: ci-info: |   1   |   10.0.2.0  | 0.0.0.0  |  255.255.255.0  |   enp0s3  |   U   |
[    9.741759] cloud-init[763]: ci-info: |   2   |   10.0.2.2  | 0.0.0.0  | 255.255.255.255 |   enp0s3  |   UH  |
[    9.742540] cloud-init[763]: ci-info: +-------+-------------+----------+-----------------+-----------+-------+
[    9.743434] cloud-init[763]: ci-info: +++++++++++++++++++Route IPv6 info+++++++++++++++++++
[    9.744587] cloud-init[763]: ci-info: +-------+-------------+---------+-----------+-------+
[    9.745403] cloud-init[763]: ci-info: | Route | Destination | Gateway | Interface | Flags |
[    9.747056] cloud-init[763]: ci-info: +-------+-------------+---------+-----------+-------+
[    9.748325] cloud-init[763]: ci-info: |   1   |  fe80::/64  |    ::   |   enp0s3  |   U   |
[    9.751538] cloud-init[763]: ci-info: |   3   |    local    |    ::   |   enp0s3  |   U   |
[    9.752209] cloud-init[763]: ci-info: |   4   |   ff00::/8  |    ::   |   enp0s3  |   U   |
[    9.753070] cloud-init[763]: ci-info: +-------+-------------+---------+-----------+-------+
[   10.385673] cloud-init[763]: Generating public/private rsa key pair.
[   10.386630] cloud-init[763]: Your identification has been saved in /etc/ssh/ssh_host_rsa_key.
[   10.387231] cloud-init[763]: Your public key has been saved in /etc/ssh/ssh_host_rsa_key.pub.
[   10.387840] cloud-init[763]: The key fingerprint is:
[   10.388272] cloud-init[763]: SHA256:pRkv//43W/U+I3XhzUjdGSH3NzUoI+fbuJwTUQAMaH8 root@ubuntu-bionic
[   10.388960] cloud-init[763]: The key's randomart image is:
[   10.389404] cloud-init[763]: +---[RSA 2048]----+
[   10.389888] cloud-init[763]: |      ..o......+o|
[   10.390287] cloud-init[763]: |     o   o + oo.+|
[   10.390660] cloud-init[763]: |    . . . = +  o*|
[   10.392580] cloud-init[763]: |       . E o  .o=|
[   10.392837] cloud-init[763]: |        S . =..o+|
[   10.393364] cloud-init[763]: |         o + ..o*|
[   10.393623] cloud-init[763]: |          o + . +|
[   10.394185] cloud-init[763]: |           * . =o|
[   10.394475] cloud-init[763]: |           .+.oo*|
[   10.394853] cloud-init[763]: +----[SHA256]-----+
[   10.395226] cloud-init[763]: Generating public/private dsa key pair.
[   10.395749] cloud-init[763]: Your identification has been saved in /etc/ssh/ssh_host_dsa_key.
[   10.396569] cloud-init[763]: Your public key has been saved in /etc/ssh/ssh_host_dsa_key.pub.
[   10.400313] cloud-init[763]: The key fingerprint is:
[   10.421993] cloud-init[763]: SHA256:VJLGoJIgXIF5sK5Lcfh1HC1Ewuh8dHpKYBGohGIt584 root@ubuntu-bionic
[   10.422673] cloud-init[763]: The key's randomart image is:
[   10.423108] cloud-init[763]: +---[DSA 1024]----+
[   10.423487] cloud-init[763]: |=.B=*.o=...      |
[   10.423871] cloud-init[763]: |+X.O +o.=o       |
[   10.424261] cloud-init[763]: |=.@ + o+..       |
[   10.424635] cloud-init[763]: |o .= +.oo        |
[   10.425009] cloud-init[763]: | +o.o.ooS        |
[   10.425383] cloud-init[763]: |. +E...          |
[   10.425771] cloud-init[763]: |.. .             |
[   10.426175] cloud-init[763]: |..               |
[   10.426562] cloud-init[763]: |.                |
[   10.427088] cloud-init[763]: +----[SHA256]-----+
[   10.428608] cloud-init[763]: Generating public/private ecdsa key pair.
[   10.429348] cloud-init[763]: Your identification has been saved in /etc/ssh/ssh_host_ecdsa_key.
[   10.430235] cloud-init[763]: Your public key has been saved in /etc/ssh/ssh_host_ecdsa_key.pub.
[   10.442134] cloud-init[763]: The key fingerprint is:
[   10.442545] cloud-init[763]: SHA256:DBmcTYmyJA89C9sS++aI0ui+rRp4apKNZn49x5tV+ZM root@ubuntu-bionic
[   10.443261] cloud-init[763]: The key's randomart image is:
[   10.443695] cloud-init[763]: +---[ECDSA 256]---+
[   10.444075] cloud-init[763]: |   . ..=..       |
[   10.444587] cloud-init[763]: |  = = +oo        |
[   10.444973] cloud-init[763]: |   @ =o          |
[   10.445342] cloud-init[763]: |  + =  o    .    |
[   10.445760] cloud-init[763]: |   o    S  o     |
[   10.446318] cloud-init[763]: |.   o     . . .  |
[   10.446782] cloud-init[763]: |oB.+. .  .   E   |
[[0;32m  OK  [0m] Started Initial cloud-init job (metadata service crawler).
[[0;32m  OK  [0m] Reached target System Initialization.
[[0;32m  OK  [0m] Listening on ACPID Listen Socket.
[[0;32m  OK  [0m] Started Daily apt download activities.
[[0;32m  OK  [0m] Started Daily apt upgrade and clean activities.
[[0;32m  OK  [0m] Listening on UUID daemon activation socket.
         Starting Socket activation for snappy daemon.
[   10.452942] cloud-init[763]: |BB=..o oo     .  |
[[0;32m  OK  [0m] Started ACPI Events Check.
[[0;32m  OK  [0m] Started Discard unused blocks once a week.
[[0;32m  OK  [0m] Started Daily Cleanup of Temporary Directories.
[[0;32m  OK  [0m] Listening on D-Bus System Message Bus Socket.
[[0;32m  OK  [0m] Reached target Paths.
[   10.463601]          Starting LXD - unix socket.cloud-init[763]: |&*+.  oo.        |
[   10.468790] cloud-init[763]: +----[SHA256]-----+
[   10.469209] cloud-init[763]: Generating public/private ed25519 key pair.
[   10.469886] cloud-init[763]: Your identification has been saved in /etc/ssh/ssh_host_ed25519_key.
[   10.470941] cloud-init[763]: Your public key has been saved in /etc/ssh/ssh_host_ed25519_key.pub.
[   10.471134] cloud-init[763]: The key fingerprint is:
[   10.471992] 
[[0;32m  OK  [0m] Listening on Open-iSCSI iscsid Socket.
[[0;32m  OK  [0m] Started Message of the Day.
[[0;32m  OK  [0m] Reached target Timers.
[[0;32m  OK  [0m] Reached target Cloud-config availability.
[[0;32m  OK  [0m] Reached target Network is Online.
[[0;32m  OK  [0m] Reached target Remote File Systems (Pre).
[[0;32m  OK  [0m] Reached target Remote File Systems.
         Starting Availability of block devices...
[[0;32m  OK  [0m] Listening on Socket activation for snappy daemon.
[[0;32m  OK  [0m] Listening on LXD - unix socket.
[[0;32m  OK  [0m] Reached target Sockets.
[[0;32m  OK  [0m] Reached target Basic System.
cloud-init[763]: SHA256:oE3r8vwAMj2IxUG6fNH3oeqoW1CGGvoGBcYK725anHg root@ubuntu-bionic
[   10.485061] cloud-init[763]: The key's randomart image is:
         Starting Dispatcher daemon for systemd-networkd...
         Starting Virtualbox guest utils...
         Starting Pollinate to seed the pseudo random number generator...
[   10.491416] cloud-init[763]: +--[ED25519 256]--+
[   10.493159] cloud-init[763]: |ooo              |
[[0;32m  OK  [0m] Started Regular background program processing daemon.
[   10.495737] cloud-init[763]: |o=...            |
[[0;32m  OK  [0m] Started Deferred execution scheduler.
[   10.518032]          Starting System Logging Service...
cloud-init[763]: |=o++ .o. .       |
         Starting Login Service...
[[0;32m  OK  [0m] Started FUSE filesystem for LXC.
         Starting Permit User Sessions...
[[0;32m  OK  [0m] Started D-Bus System Message Bus.
[   10.542770] cloud-init[763]: |=*+o.+.oo .      |
[   10.543898] cloud-init[763]: |*++.= o.S.       |
[   10.545181] cloud-init[763]: | =++ +.          |
[   10.545714] cloud-init[763]: |..E...o          |
[   10.546227] cloud-init[763]: | ++ o+ .         |
[   10.546755] cloud-init[763]: |.=o. .o..        |
[   10.551773] cloud-init[763]: +----[SHA256]-----+
[[0;32m  OK  [0m] Started irqbalance daemon.
         Starting Snap Daemon...
         Starting LSB: automatic crash report generation...
         Starting Accounts Service...
         Starting LSB: Record successful boot for GRUB...
         Starting LXD - container startup/shutdown...
[[0;32m  OK  [0m] Started System Logging Service.
[[0;32m  OK  [0m] Started Availability of block devices.
[[0;32m  OK  [0m] Started Permit User Sessions.
[[0;32m  OK  [0m] Started Login Service.
[[0;32m  OK  [0m] Started Unattended Upgrades Shutdown.
         Starting Hold until boot process finishes up...
         Starting Terminate Plymouth Boot Screen...
[[0;32m  OK  [0m] Started Hold until boot process finishes up.
         Starting Set console scheme...
[[0;32m  OK  [0m] Started Serial Getty on ttyS0.
[[0;32m  OK  [0m] Started Terminate Plymouth Boot Screen.
[[0;32m  OK  [0m] Started Set console scheme.
[[0;32m  OK  [0m] Created slice system-getty.slice.
[[0;32m  OK  [0m] Started Getty on tty1.
[[0;32m  OK  [0m] Reached target Login Prompts.
[[0;32m  OK  [0m] Started LXD - container startup/shutdown.
         Starting Authorization Manager...
[[0;32m  OK  [0m] Started LSB: automatic crash report generation.
[[0;32m  OK  [0m] Started LSB: Record successful boot for GRUB.
[[0;32m  OK  [0m] Started Virtualbox guest utils.
[[0;32m  OK  [0m] Started Authorization Manager.
[[0;32m  OK  [0m] Started Accounts Service.
[[0;32m  OK  [0m] Started Dispatcher daemon for systemd-networkd.
[[0;32m  OK  [0m] Started Snap Daemon.
         Starting Wait until snapd is fully seeded...
[[0;32m  OK  [0m] Started Pollinate to seed the pseudo random number generator.
         Starting OpenBSD Secure Shell server...
[[0;32m  OK  [0m] Started OpenBSD Secure Shell server.
[[0;32m  OK  [0m] Created slice User Slice of vagrant.
         Starting User Manager for UID 1000...
[[0;32m  OK  [0m] Started Session 1 of user vagrant.
[[0;32m  OK  [0m] Started User Manager for UID 1000.
[[0;32m  OK  [0m] Started Wait until snapd is fully seeded.
         Starting Apply the settings specified in cloud-config...
[[0;32m  OK  [0m] Reached target Multi-User System.
[[0;32m  OK  [0m] Reached target Graphical Interface.
         Starting Update UTMP about System Runlevel Changes...
[[0;32m  OK  [0m] Started Update UTMP about System Runlevel Changes.
[   14.329542] cloud-init[1298]: Cloud-init v. 20.3-2-g371b392c-0ubuntu1~18.04.1 running 'modules:config' at Wed, 06 Jan 2021 23:27:06 +0000. Up 13.78 seconds.
[[0;32m  OK  [0m] Started Apply the settings specified in cloud-config.
         Starting Execute cloud user/final scripts...
ci-info: no authorized SSH keys fingerprints found for user ubuntu.
<14>Jan  6 23:27:07 ec2: 
<14>Jan  6 23:27:08 ec2: #############################################################
<14>Jan  6 23:27:08 ec2: -----BEGIN SSH HOST KEY FINGERPRINTS-----
<14>Jan  6 23:27:08 ec2: 1024 SHA256:VJLGoJIgXIF5sK5Lcfh1HC1Ewuh8dHpKYBGohGIt584 root@ubuntu-bionic (DSA)
<14>Jan  6 23:27:08 ec2: 256 SHA256:DBmcTYmyJA89C9sS++aI0ui+rRp4apKNZn49x5tV+ZM root@ubuntu-bionic (ECDSA)
<14>Jan  6 23:27:08 ec2: 256 SHA256:oE3r8vwAMj2IxUG6fNH3oeqoW1CGGvoGBcYK725anHg root@ubuntu-bionic (ED25519)
<14>Jan  6 23:27:08 ec2: 2048 SHA256:pRkv//43W/U+I3XhzUjdGSH3NzUoI+fbuJwTUQAMaH8 root@ubuntu-bionic (RSA)
<14>Jan  6 23:27:08 ec2: -----END SSH HOST KEY FINGERPRINTS-----
<14>Jan  6 23:27:08 ec2: #############################################################
-----BEGIN SSH HOST KEY KEYS-----
ecdsa-sha2-nistp256 AAAAE2VjZHNhLXNoYTItbmlzdHAyNTYAAAAIbmlzdHAyNTYAAABBBPCyJEHETETLhZRJ2CNAarGt2qxl0EM2ecOQuftNytObNUHYXbyl6UyoSNorg2KLx6E2swxDdo1Eav/6wzuRqNI= root@ubuntu-bionic
ssh-ed25519 AAAAC3NzaC1lZDI1NTE5AAAAIImhv4PjoO9Qo7MscWtEL/J2Adp+KKexBCsT2e4lCad/ root@ubuntu-bionic
ssh-rsa AAAAB3NzaC1yc2EAAAADAQABAAABAQDwNDpm+Auw/xC50WNk7sTmbke/KJ2Q+ZvwIF3DLHAAYbG6tVFLDHWrTdYq7bQkE/IPtpb3Ouon+n0mEVb9JCqjP9Q7s2S0xw60lxeKR1mkkrXQ9KS2X5IuiHE2k0hJGqb99jSrsoXBK7G5xcSPy3urKEOywefTam3wDlVG158hkI8qSMrrxXJ8oM8yFQ4Xry1OGOKQ9AybMRubd0YIC/DfxpPwy7oqwE0APNDjTMwdv1Jl47z//dWQ5ojpM2iPJhCVCndOKdVpF2TVpAz1Mf3TXncmZeNBMfnXwRfISfjeRkBwClE6ghWASZaYhELVe2T2PgY0/qKv5yAt+ungVD8J root@ubuntu-bionic
-----END SSH HOST KEY KEYS-----
[   15.096411] cloud-init[1393]: Cloud-init v. 20.3-2-g371b392c-0ubuntu1~18.04.1 running 'modules:final' at Wed, 06 Jan 2021 23:27:07 +0000. Up 14.88 seconds.
[   15.097530] cloud-init[1393]: ci-info: no authorized SSH keys fingerprints found for user ubuntu.
[   15.098273] cloud-init[1393]: Cloud-init v. 20.3-2-g371b392c-0ubuntu1~18.04.1 finished at Wed, 06 Jan 2021 23:27:08 +0000. Datasource DataSourceNoCloud [seed=/dev/sdb][dsmode=net].  Up 15.09 seconds
[[0;32m  OK  [0m] Started Execute cloud user/final scripts.
[[0;32m  OK  [0m] Reached target Cloud-init target.

Ubuntu 18.04.5 LTS ubuntu-bionic ttyS0

ubuntu-bionic login: 